0 info it worked if it ends with ok
1 verbose cli [ '/home/oyama/.nvm/versions/node/v7.2.0/bin/node',
1 verbose cli   '/home/oyama/.nvm/versions/node/v7.2.0/bin/npm',
1 verbose cli   'install' ]
2 info using npm@3.10.9
3 info using node@v7.2.0
4 silly loadCurrentTree Starting
5 silly install loadCurrentTree
6 silly install readLocalPackageData
7 silly install normalizeTree
8 silly loadCurrentTree Finishing
9 silly loadIdealTree Starting
10 silly install loadIdealTree
11 silly cloneCurrentTree Starting
12 silly install cloneCurrentTreeToIdealTree
13 silly cloneCurrentTree Finishing
14 silly loadShrinkwrap Starting
15 silly install loadShrinkwrap
16 silly loadShrinkwrap Finishing
17 silly loadAllDepsIntoIdealTree Starting
18 silly install loadAllDepsIntoIdealTree
19 silly fetchNamedPackageData body-parser
20 silly mapToRegistry name body-parser
21 silly mapToRegistry using default registry
22 silly mapToRegistry registry https://registry.npmjs.org/
23 silly mapToRegistry data Result {
23 silly mapToRegistry   raw: 'body-parser',
23 silly mapToRegistry   scope: null,
23 silly mapToRegistry   escapedName: 'body-parser',
23 silly mapToRegistry   name: 'body-parser',
23 silly mapToRegistry   rawSpec: '',
23 silly mapToRegistry   spec: 'latest',
23 silly mapToRegistry   type: 'tag' }
24 silly mapToRegistry uri https://registry.npmjs.org/body-parser
25 silly fetchNamedPackageData express
26 silly mapToRegistry name express
27 silly mapToRegistry using default registry
28 silly mapToRegistry registry https://registry.npmjs.org/
29 silly mapToRegistry data Result {
29 silly mapToRegistry   raw: 'express',
29 silly mapToRegistry   scope: null,
29 silly mapToRegistry   escapedName: 'express',
29 silly mapToRegistry   name: 'express',
29 silly mapToRegistry   rawSpec: '',
29 silly mapToRegistry   spec: 'latest',
29 silly mapToRegistry   type: 'tag' }
30 silly mapToRegistry uri https://registry.npmjs.org/express
31 silly fetchNamedPackageData express-handlebars
32 silly mapToRegistry name express-handlebars
33 silly mapToRegistry using default registry
34 silly mapToRegistry registry https://registry.npmjs.org/
35 silly mapToRegistry data Result {
35 silly mapToRegistry   raw: 'express-handlebars',
35 silly mapToRegistry   scope: null,
35 silly mapToRegistry   escapedName: 'express-handlebars',
35 silly mapToRegistry   name: 'express-handlebars',
35 silly mapToRegistry   rawSpec: '',
35 silly mapToRegistry   spec: 'latest',
35 silly mapToRegistry   type: 'tag' }
36 silly mapToRegistry uri https://registry.npmjs.org/express-handlebars
37 silly fetchNamedPackageData express-myconnection
38 silly mapToRegistry name express-myconnection
39 silly mapToRegistry using default registry
40 silly mapToRegistry registry https://registry.npmjs.org/
41 silly mapToRegistry data Result {
41 silly mapToRegistry   raw: 'express-myconnection',
41 silly mapToRegistry   scope: null,
41 silly mapToRegistry   escapedName: 'express-myconnection',
41 silly mapToRegistry   name: 'express-myconnection',
41 silly mapToRegistry   rawSpec: '',
41 silly mapToRegistry   spec: 'latest',
41 silly mapToRegistry   type: 'tag' }
42 silly mapToRegistry uri https://registry.npmjs.org/express-myconnection
43 silly fetchNamedPackageData express-session
44 silly mapToRegistry name express-session
45 silly mapToRegistry using default registry
46 silly mapToRegistry registry https://registry.npmjs.org/
47 silly mapToRegistry data Result {
47 silly mapToRegistry   raw: 'express-session',
47 silly mapToRegistry   scope: null,
47 silly mapToRegistry   escapedName: 'express-session',
47 silly mapToRegistry   name: 'express-session',
47 silly mapToRegistry   rawSpec: '',
47 silly mapToRegistry   spec: 'latest',
47 silly mapToRegistry   type: 'tag' }
48 silly mapToRegistry uri https://registry.npmjs.org/express-session
49 silly fetchNamedPackageData geoapi
50 silly mapToRegistry name geoapi
51 silly mapToRegistry using default registry
52 silly mapToRegistry registry https://registry.npmjs.org/
53 silly mapToRegistry data Result {
53 silly mapToRegistry   raw: 'geoapi',
53 silly mapToRegistry   scope: null,
53 silly mapToRegistry   escapedName: 'geoapi',
53 silly mapToRegistry   name: 'geoapi',
53 silly mapToRegistry   rawSpec: '',
53 silly mapToRegistry   spec: 'latest',
53 silly mapToRegistry   type: 'tag' }
54 silly mapToRegistry uri https://registry.npmjs.org/geoapi
55 silly fetchNamedPackageData gulp
56 silly mapToRegistry name gulp
57 silly mapToRegistry using default registry
58 silly mapToRegistry registry https://registry.npmjs.org/
59 silly mapToRegistry data Result {
59 silly mapToRegistry   raw: 'gulp',
59 silly mapToRegistry   scope: null,
59 silly mapToRegistry   escapedName: 'gulp',
59 silly mapToRegistry   name: 'gulp',
59 silly mapToRegistry   rawSpec: '',
59 silly mapToRegistry   spec: 'latest',
59 silly mapToRegistry   type: 'tag' }
60 silly mapToRegistry uri https://registry.npmjs.org/gulp
61 silly fetchNamedPackageData johnny-five
62 silly mapToRegistry name johnny-five
63 silly mapToRegistry using default registry
64 silly mapToRegistry registry https://registry.npmjs.org/
65 silly mapToRegistry data Result {
65 silly mapToRegistry   raw: 'johnny-five',
65 silly mapToRegistry   scope: null,
65 silly mapToRegistry   escapedName: 'johnny-five',
65 silly mapToRegistry   name: 'johnny-five',
65 silly mapToRegistry   rawSpec: '',
65 silly mapToRegistry   spec: 'latest',
65 silly mapToRegistry   type: 'tag' }
66 silly mapToRegistry uri https://registry.npmjs.org/johnny-five
67 silly fetchNamedPackageData mocha
68 silly mapToRegistry name mocha
69 silly mapToRegistry using default registry
70 silly mapToRegistry registry https://registry.npmjs.org/
71 silly mapToRegistry data Result {
71 silly mapToRegistry   raw: 'mocha',
71 silly mapToRegistry   scope: null,
71 silly mapToRegistry   escapedName: 'mocha',
71 silly mapToRegistry   name: 'mocha',
71 silly mapToRegistry   rawSpec: '',
71 silly mapToRegistry   spec: 'latest',
71 silly mapToRegistry   type: 'tag' }
72 silly mapToRegistry uri https://registry.npmjs.org/mocha
73 silly fetchNamedPackageData nodemailer
74 silly mapToRegistry name nodemailer
75 silly mapToRegistry using default registry
76 silly mapToRegistry registry https://registry.npmjs.org/
77 silly mapToRegistry data Result {
77 silly mapToRegistry   raw: 'nodemailer',
77 silly mapToRegistry   scope: null,
77 silly mapToRegistry   escapedName: 'nodemailer',
77 silly mapToRegistry   name: 'nodemailer',
77 silly mapToRegistry   rawSpec: '',
77 silly mapToRegistry   spec: 'latest',
77 silly mapToRegistry   type: 'tag' }
78 silly mapToRegistry uri https://registry.npmjs.org/nodemailer
79 silly fetchNamedPackageData nodemon
80 silly mapToRegistry name nodemon
81 silly mapToRegistry using default registry
82 silly mapToRegistry registry https://registry.npmjs.org/
83 silly mapToRegistry data Result {
83 silly mapToRegistry   raw: 'nodemon',
83 silly mapToRegistry   scope: null,
83 silly mapToRegistry   escapedName: 'nodemon',
83 silly mapToRegistry   name: 'nodemon',
83 silly mapToRegistry   rawSpec: '',
83 silly mapToRegistry   spec: 'latest',
83 silly mapToRegistry   type: 'tag' }
84 silly mapToRegistry uri https://registry.npmjs.org/nodemon
85 silly fetchNamedPackageData sms
86 silly mapToRegistry name sms
87 silly mapToRegistry using default registry
88 silly mapToRegistry registry https://registry.npmjs.org/
89 silly mapToRegistry data Result {
89 silly mapToRegistry   raw: 'sms',
89 silly mapToRegistry   scope: null,
89 silly mapToRegistry   escapedName: 'sms',
89 silly mapToRegistry   name: 'sms',
89 silly mapToRegistry   rawSpec: '',
89 silly mapToRegistry   spec: 'latest',
89 silly mapToRegistry   type: 'tag' }
90 silly mapToRegistry uri https://registry.npmjs.org/sms
91 silly fetchNamedPackageData socket-io
92 silly mapToRegistry name socket-io
93 silly mapToRegistry using default registry
94 silly mapToRegistry registry https://registry.npmjs.org/
95 silly mapToRegistry data Result {
95 silly mapToRegistry   raw: 'socket-io',
95 silly mapToRegistry   scope: null,
95 silly mapToRegistry   escapedName: 'socket-io',
95 silly mapToRegistry   name: 'socket-io',
95 silly mapToRegistry   rawSpec: '',
95 silly mapToRegistry   spec: 'latest',
95 silly mapToRegistry   type: 'tag' }
96 silly mapToRegistry uri https://registry.npmjs.org/socket-io
97 silly fetchNamedPackageData twillio
98 silly mapToRegistry name twillio
99 silly mapToRegistry using default registry
100 silly mapToRegistry registry https://registry.npmjs.org/
101 silly mapToRegistry data Result {
101 silly mapToRegistry   raw: 'twillio',
101 silly mapToRegistry   scope: null,
101 silly mapToRegistry   escapedName: 'twillio',
101 silly mapToRegistry   name: 'twillio',
101 silly mapToRegistry   rawSpec: '',
101 silly mapToRegistry   spec: 'latest',
101 silly mapToRegistry   type: 'tag' }
102 silly mapToRegistry uri https://registry.npmjs.org/twillio
103 verbose request uri https://registry.npmjs.org/twillio
104 verbose request no auth needed
105 info attempt registry request try #1 at 8:56:11 PM
106 verbose request id 70fc47166d3824ca
107 http request GET https://registry.npmjs.org/twillio
108 verbose request uri https://registry.npmjs.org/body-parser
109 verbose request no auth needed
110 info attempt registry request try #1 at 8:56:11 PM
111 verbose etag W/"584749c8-1dd05"
112 verbose lastModified Tue, 06 Dec 2016 23:29:12 GMT
113 http request GET https://registry.npmjs.org/body-parser
114 verbose request uri https://registry.npmjs.org/express-handlebars
115 verbose request no auth needed
116 info attempt registry request try #1 at 8:56:11 PM
117 verbose etag W/"5808b340-b0fb"
118 verbose lastModified Thu, 20 Oct 2016 12:06:24 GMT
119 http request GET https://registry.npmjs.org/express-handlebars
120 verbose request uri https://registry.npmjs.org/express-myconnection
121 verbose request no auth needed
122 info attempt registry request try #1 at 8:56:11 PM
123 verbose etag W/"5334222f-1cbb"
124 verbose lastModified Thu, 27 Mar 2014 13:05:51 GMT
125 http request GET https://registry.npmjs.org/express-myconnection
126 verbose request uri https://registry.npmjs.org/express-session
127 verbose request no auth needed
128 info attempt registry request try #1 at 8:56:11 PM
129 verbose etag W/"5847b784-1c5a7"
130 verbose lastModified Wed, 07 Dec 2016 07:17:24 GMT
131 http request GET https://registry.npmjs.org/express-session
132 verbose request uri https://registry.npmjs.org/geoapi
133 verbose request no auth needed
134 info attempt registry request try #1 at 8:56:11 PM
135 verbose etag W/"572fa10b-712"
136 verbose lastModified Sun, 08 May 2016 20:26:51 GMT
137 http request GET https://registry.npmjs.org/geoapi
138 verbose request uri https://registry.npmjs.org/express
139 verbose request no auth needed
140 info attempt registry request try #1 at 8:56:11 PM
141 verbose etag W/"58485449-85368"
142 verbose lastModified Wed, 07 Dec 2016 18:26:17 GMT
143 http request GET https://registry.npmjs.org/express
144 verbose request uri https://registry.npmjs.org/gulp
145 verbose request no auth needed
146 info attempt registry request try #1 at 8:56:11 PM
147 verbose etag W/"5847c34a-1c9af"
148 verbose lastModified Wed, 07 Dec 2016 08:07:38 GMT
149 http request GET https://registry.npmjs.org/gulp
150 verbose request uri https://registry.npmjs.org/mocha
151 verbose request no auth needed
152 info attempt registry request try #1 at 8:56:11 PM
153 verbose etag W/"5846c086-94009"
154 verbose lastModified Tue, 06 Dec 2016 13:43:34 GMT
155 http request GET https://registry.npmjs.org/mocha
156 verbose request uri https://registry.npmjs.org/nodemailer
157 verbose request no auth needed
158 info attempt registry request try #1 at 8:56:11 PM
159 verbose etag W/"58434960-44a7b"
160 verbose lastModified Sat, 03 Dec 2016 22:38:24 GMT
161 http request GET https://registry.npmjs.org/nodemailer
162 verbose request uri https://registry.npmjs.org/nodemon
163 verbose request no auth needed
164 info attempt registry request try #1 at 8:56:11 PM
165 verbose etag W/"584584b7-30b86"
166 verbose lastModified Mon, 05 Dec 2016 15:16:07 GMT
167 http request GET https://registry.npmjs.org/nodemon
168 verbose request uri https://registry.npmjs.org/sms
169 verbose request no auth needed
170 info attempt registry request try #1 at 8:56:11 PM
171 verbose etag W/"51e67f93-d1ff"
172 verbose lastModified Wed, 17 Jul 2013 11:27:15 GMT
173 http request GET https://registry.npmjs.org/sms
174 verbose request uri https://registry.npmjs.org/socket-io
175 verbose request no auth needed
176 info attempt registry request try #1 at 8:56:11 PM
177 verbose etag W/"57997a3f-51b"
178 verbose lastModified Thu, 28 Jul 2016 03:21:35 GMT
179 http request GET https://registry.npmjs.org/socket-io
180 verbose request uri https://registry.npmjs.org/johnny-five
181 verbose request no auth needed
182 info attempt registry request try #1 at 8:56:13 PM
183 verbose etag W/"582f20c0-18cf7a"
184 verbose lastModified Fri, 18 Nov 2016 15:39:44 GMT
185 http request GET https://registry.npmjs.org/johnny-five
186 http 304 https://registry.npmjs.org/body-parser
187 verbose headers { date: 'Wed, 07 Dec 2016 18:56:14 GMT',
187 verbose headers   via: '1.1 varnish',
187 verbose headers   'cache-control': 'max-age=300',
187 verbose headers   etag: 'W/"584749c8-1dd05"',
187 verbose headers   age: '262',
187 verbose headers   connection: 'keep-alive',
187 verbose headers   'x-served-by': 'cache-lcy1151-LCY',
187 verbose headers   'x-cache': 'HIT',
187 verbose headers   'x-cache-hits': '6',
187 verbose headers   'x-timer': 'S1481136974.108779,VS0,VE0',
187 verbose headers   vary: 'Accept-Encoding' }
188 silly get cb [ 304,
188 silly get   { date: 'Wed, 07 Dec 2016 18:56:14 GMT',
188 silly get     via: '1.1 varnish',
188 silly get     'cache-control': 'max-age=300',
188 silly get     etag: 'W/"584749c8-1dd05"',
188 silly get     age: '262',
188 silly get     connection: 'keep-alive',
188 silly get     'x-served-by': 'cache-lcy1151-LCY',
188 silly get     'x-cache': 'HIT',
188 silly get     'x-cache-hits': '6',
188 silly get     'x-timer': 'S1481136974.108779,VS0,VE0',
188 silly get     vary: 'Accept-Encoding' } ]
189 verbose etag https://registry.npmjs.org/body-parser from cache
190 verbose get saving body-parser to /home/oyama/.npm/registry.npmjs.org/body-parser/.cache.json
191 verbose correctMkdir /home/oyama/.npm correctMkdir not in flight; initializing
192 http 304 https://registry.npmjs.org/express-myconnection
193 verbose headers { date: 'Wed, 07 Dec 2016 18:56:14 GMT',
193 verbose headers   via: '1.1 varnish',
193 verbose headers   'cache-control': 'max-age=300',
193 verbose headers   etag: 'W/"5334222f-1cbb"',
193 verbose headers   age: '31',
193 verbose headers   connection: 'keep-alive',
193 verbose headers   'x-served-by': 'cache-lcy1145-LCY',
193 verbose headers   'x-cache': 'HIT',
193 verbose headers   'x-cache-hits': '1',
193 verbose headers   'x-timer': 'S1481136974.120587,VS0,VE0',
193 verbose headers   vary: 'Accept-Encoding' }
194 silly get cb [ 304,
194 silly get   { date: 'Wed, 07 Dec 2016 18:56:14 GMT',
194 silly get     via: '1.1 varnish',
194 silly get     'cache-control': 'max-age=300',
194 silly get     etag: 'W/"5334222f-1cbb"',
194 silly get     age: '31',
194 silly get     connection: 'keep-alive',
194 silly get     'x-served-by': 'cache-lcy1145-LCY',
194 silly get     'x-cache': 'HIT',
194 silly get     'x-cache-hits': '1',
194 silly get     'x-timer': 'S1481136974.120587,VS0,VE0',
194 silly get     vary: 'Accept-Encoding' } ]
195 verbose etag https://registry.npmjs.org/express-myconnection from cache
196 verbose get saving express-myconnection to /home/oyama/.npm/registry.npmjs.org/express-myconnection/.cache.json
197 verbose correctMkdir /home/oyama/.npm correctMkdir already in flight; waiting
198 http 304 https://registry.npmjs.org/express-handlebars
199 verbose headers { date: 'Wed, 07 Dec 2016 18:56:14 GMT',
199 verbose headers   via: '1.1 varnish',
199 verbose headers   'cache-control': 'max-age=300',
199 verbose headers   etag: 'W/"5808b340-b0fb"',
199 verbose headers   age: '141',
199 verbose headers   connection: 'keep-alive',
199 verbose headers   'x-served-by': 'cache-lcy1135-LCY',
199 verbose headers   'x-cache': 'HIT',
199 verbose headers   'x-cache-hits': '2',
199 verbose headers   'x-timer': 'S1481136974.132968,VS0,VE0',
199 verbose headers   vary: 'Accept-Encoding' }
200 silly get cb [ 304,
200 silly get   { date: 'Wed, 07 Dec 2016 18:56:14 GMT',
200 silly get     via: '1.1 varnish',
200 silly get     'cache-control': 'max-age=300',
200 silly get     etag: 'W/"5808b340-b0fb"',
200 silly get     age: '141',
200 silly get     connection: 'keep-alive',
200 silly get     'x-served-by': 'cache-lcy1135-LCY',
200 silly get     'x-cache': 'HIT',
200 silly get     'x-cache-hits': '2',
200 silly get     'x-timer': 'S1481136974.132968,VS0,VE0',
200 silly get     vary: 'Accept-Encoding' } ]
201 verbose etag https://registry.npmjs.org/express-handlebars from cache
202 verbose get saving express-handlebars to /home/oyama/.npm/registry.npmjs.org/express-handlebars/.cache.json
203 verbose correctMkdir /home/oyama/.npm correctMkdir not in flight; initializing
204 silly resolveWithNewModule express-myconnection@1.0.4 checking installable status
205 silly cache add args [ 'express-myconnection@*', null ]
206 verbose cache add spec express-myconnection@*
207 silly cache add parsed spec Result {
207 silly cache add   raw: 'express-myconnection@*',
207 silly cache add   scope: null,
207 silly cache add   escapedName: 'express-myconnection',
207 silly cache add   name: 'express-myconnection',
207 silly cache add   rawSpec: '*',
207 silly cache add   spec: '*',
207 silly cache add   type: 'range' }
208 silly addNamed express-myconnection@*
209 verbose addNamed "*" is a valid semver range for express-myconnection
210 silly addNameRange { name: 'express-myconnection', range: '*', hasData: false }
211 silly mapToRegistry name express-myconnection
212 silly mapToRegistry using default registry
213 silly mapToRegistry registry https://registry.npmjs.org/
214 silly mapToRegistry data Result {
214 silly mapToRegistry   raw: 'express-myconnection',
214 silly mapToRegistry   scope: null,
214 silly mapToRegistry   escapedName: 'express-myconnection',
214 silly mapToRegistry   name: 'express-myconnection',
214 silly mapToRegistry   rawSpec: '',
214 silly mapToRegistry   spec: 'latest',
214 silly mapToRegistry   type: 'tag' }
215 silly mapToRegistry uri https://registry.npmjs.org/express-myconnection
216 verbose addNameRange registry:https://registry.npmjs.org/express-myconnection not in flight; fetching
217 silly resolveWithNewModule body-parser@1.15.2 checking installable status
218 silly cache add args [ 'body-parser@*', null ]
219 verbose cache add spec body-parser@*
220 silly cache add parsed spec Result {
220 silly cache add   raw: 'body-parser@*',
220 silly cache add   scope: null,
220 silly cache add   escapedName: 'body-parser',
220 silly cache add   name: 'body-parser',
220 silly cache add   rawSpec: '*',
220 silly cache add   spec: '*',
220 silly cache add   type: 'range' }
221 silly addNamed body-parser@*
222 verbose addNamed "*" is a valid semver range for body-parser
223 silly addNameRange { name: 'body-parser', range: '*', hasData: false }
224 silly mapToRegistry name body-parser
225 silly mapToRegistry using default registry
226 silly mapToRegistry registry https://registry.npmjs.org/
227 silly mapToRegistry data Result {
227 silly mapToRegistry   raw: 'body-parser',
227 silly mapToRegistry   scope: null,
227 silly mapToRegistry   escapedName: 'body-parser',
227 silly mapToRegistry   name: 'body-parser',
227 silly mapToRegistry   rawSpec: '',
227 silly mapToRegistry   spec: 'latest',
227 silly mapToRegistry   type: 'tag' }
228 silly mapToRegistry uri https://registry.npmjs.org/body-parser
229 verbose addNameRange registry:https://registry.npmjs.org/body-parser not in flight; fetching
230 http 304 https://registry.npmjs.org/express-session
231 verbose headers { date: 'Wed, 07 Dec 2016 18:56:14 GMT',
231 verbose headers   via: '1.1 varnish',
231 verbose headers   'cache-control': 'max-age=300',
231 verbose headers   etag: 'W/"5847b784-1c5a7"',
231 verbose headers   age: '217',
231 verbose headers   connection: 'keep-alive',
231 verbose headers   'x-served-by': 'cache-lcy1140-LCY',
231 verbose headers   'x-cache': 'HIT',
231 verbose headers   'x-cache-hits': '1',
231 verbose headers   'x-timer': 'S1481136974.150657,VS0,VE0',
231 verbose headers   vary: 'Accept-Encoding' }
232 silly get cb [ 304,
232 silly get   { date: 'Wed, 07 Dec 2016 18:56:14 GMT',
232 silly get     via: '1.1 varnish',
232 silly get     'cache-control': 'max-age=300',
232 silly get     etag: 'W/"5847b784-1c5a7"',
232 silly get     age: '217',
232 silly get     connection: 'keep-alive',
232 silly get     'x-served-by': 'cache-lcy1140-LCY',
232 silly get     'x-cache': 'HIT',
232 silly get     'x-cache-hits': '1',
232 silly get     'x-timer': 'S1481136974.150657,VS0,VE0',
232 silly get     vary: 'Accept-Encoding' } ]
233 verbose etag https://registry.npmjs.org/express-session from cache
234 verbose get saving express-session to /home/oyama/.npm/registry.npmjs.org/express-session/.cache.json
235 verbose correctMkdir /home/oyama/.npm correctMkdir not in flight; initializing
236 http 304 https://registry.npmjs.org/geoapi
237 verbose headers { date: 'Wed, 07 Dec 2016 18:56:14 GMT',
237 verbose headers   via: '1.1 varnish',
237 verbose headers   'cache-control': 'max-age=300',
237 verbose headers   etag: 'W/"572fa10b-712"',
237 verbose headers   age: '31',
237 verbose headers   connection: 'keep-alive',
237 verbose headers   'x-served-by': 'cache-lcy1121-LCY',
237 verbose headers   'x-cache': 'HIT',
237 verbose headers   'x-cache-hits': '1',
237 verbose headers   'x-timer': 'S1481136974.154769,VS0,VE0',
237 verbose headers   vary: 'Accept-Encoding' }
238 silly get cb [ 304,
238 silly get   { date: 'Wed, 07 Dec 2016 18:56:14 GMT',
238 silly get     via: '1.1 varnish',
238 silly get     'cache-control': 'max-age=300',
238 silly get     etag: 'W/"572fa10b-712"',
238 silly get     age: '31',
238 silly get     connection: 'keep-alive',
238 silly get     'x-served-by': 'cache-lcy1121-LCY',
238 silly get     'x-cache': 'HIT',
238 silly get     'x-cache-hits': '1',
238 silly get     'x-timer': 'S1481136974.154769,VS0,VE0',
238 silly get     vary: 'Accept-Encoding' } ]
239 verbose etag https://registry.npmjs.org/geoapi from cache
240 verbose get saving geoapi to /home/oyama/.npm/registry.npmjs.org/geoapi/.cache.json
241 verbose correctMkdir /home/oyama/.npm correctMkdir not in flight; initializing
242 http 304 https://registry.npmjs.org/gulp
243 verbose headers { date: 'Wed, 07 Dec 2016 18:56:14 GMT',
243 verbose headers   via: '1.1 varnish',
243 verbose headers   'cache-control': 'max-age=300',
243 verbose headers   etag: 'W/"5847c34a-1c9af"',
243 verbose headers   age: '202',
243 verbose headers   connection: 'keep-alive',
243 verbose headers   'x-served-by': 'cache-lcy1145-LCY',
243 verbose headers   'x-cache': 'HIT',
243 verbose headers   'x-cache-hits': '2',
243 verbose headers   'x-timer': 'S1481136974.166010,VS0,VE0',
243 verbose headers   vary: 'Accept-Encoding' }
244 silly get cb [ 304,
244 silly get   { date: 'Wed, 07 Dec 2016 18:56:14 GMT',
244 silly get     via: '1.1 varnish',
244 silly get     'cache-control': 'max-age=300',
244 silly get     etag: 'W/"5847c34a-1c9af"',
244 silly get     age: '202',
244 silly get     connection: 'keep-alive',
244 silly get     'x-served-by': 'cache-lcy1145-LCY',
244 silly get     'x-cache': 'HIT',
244 silly get     'x-cache-hits': '2',
244 silly get     'x-timer': 'S1481136974.166010,VS0,VE0',
244 silly get     vary: 'Accept-Encoding' } ]
245 verbose etag https://registry.npmjs.org/gulp from cache
246 verbose get saving gulp to /home/oyama/.npm/registry.npmjs.org/gulp/.cache.json
247 verbose correctMkdir /home/oyama/.npm correctMkdir not in flight; initializing
248 silly resolveWithNewModule express-handlebars@3.0.0 checking installable status
249 silly cache add args [ 'express-handlebars@^3.0.0', null ]
250 verbose cache add spec express-handlebars@^3.0.0
251 silly cache add parsed spec Result {
251 silly cache add   raw: 'express-handlebars@^3.0.0',
251 silly cache add   scope: null,
251 silly cache add   escapedName: 'express-handlebars',
251 silly cache add   name: 'express-handlebars',
251 silly cache add   rawSpec: '^3.0.0',
251 silly cache add   spec: '>=3.0.0 <4.0.0',
251 silly cache add   type: 'range' }
252 silly addNamed express-handlebars@>=3.0.0 <4.0.0
253 verbose addNamed ">=3.0.0 <4.0.0" is a valid semver range for express-handlebars
254 silly addNameRange { name: 'express-handlebars',
254 silly addNameRange   range: '>=3.0.0 <4.0.0',
254 silly addNameRange   hasData: false }
255 silly mapToRegistry name express-handlebars
256 silly mapToRegistry using default registry
257 silly mapToRegistry registry https://registry.npmjs.org/
258 silly mapToRegistry data Result {
258 silly mapToRegistry   raw: 'express-handlebars',
258 silly mapToRegistry   scope: null,
258 silly mapToRegistry   escapedName: 'express-handlebars',
258 silly mapToRegistry   name: 'express-handlebars',
258 silly mapToRegistry   rawSpec: '',
258 silly mapToRegistry   spec: 'latest',
258 silly mapToRegistry   type: 'tag' }
259 silly mapToRegistry uri https://registry.npmjs.org/express-handlebars
260 verbose addNameRange registry:https://registry.npmjs.org/express-handlebars not in flight; fetching
261 verbose get https://registry.npmjs.org/express-myconnection not expired, no request
262 silly addNameRange number 2 { name: 'express-myconnection', range: '*', hasData: true }
263 silly addNameRange versions [ 'express-myconnection',
263 silly addNameRange   [ '1.0.1', '1.0.2', '1.0.3', '1.0.4' ] ]
264 silly addNamed express-myconnection@1.0.4
265 verbose addNamed "1.0.4" is a plain semver version for express-myconnection
266 verbose get https://registry.npmjs.org/body-parser not expired, no request
267 silly addNameRange number 2 { name: 'body-parser', range: '*', hasData: true }
268 silly addNameRange versions [ 'body-parser',
268 silly addNameRange   [ '1.0.0',
268 silly addNameRange     '1.0.1',
268 silly addNameRange     '1.0.2',
268 silly addNameRange     '1.1.0',
268 silly addNameRange     '1.1.1',
268 silly addNameRange     '1.1.2',
268 silly addNameRange     '1.2.0',
268 silly addNameRange     '1.2.1',
268 silly addNameRange     '1.2.2',
268 silly addNameRange     '1.3.0',
268 silly addNameRange     '1.3.1',
268 silly addNameRange     '1.4.0',
268 silly addNameRange     '1.4.1',
268 silly addNameRange     '1.4.2',
268 silly addNameRange     '1.4.3',
268 silly addNameRange     '1.5.0',
268 silly addNameRange     '1.5.1',
268 silly addNameRange     '1.5.2',
268 silly addNameRange     '1.6.0',
268 silly addNameRange     '1.6.1',
268 silly addNameRange     '1.6.2',
268 silly addNameRange     '1.6.3',
268 silly addNameRange     '1.6.4',
268 silly addNameRange     '1.6.5',
268 silly addNameRange     '1.6.6',
268 silly addNameRange     '1.6.7',
268 silly addNameRange     '1.7.0',
268 silly addNameRange     '1.8.0',
268 silly addNameRange     '1.8.1',
268 silly addNameRange     '1.8.2',
268 silly addNameRange     '1.8.3',
268 silly addNameRange     '1.8.4',
268 silly addNameRange     '1.9.0',
268 silly addNameRange     '1.9.1',
268 silly addNameRange     '1.9.2',
268 silly addNameRange     '1.9.3',
268 silly addNameRange     '1.10.0',
268 silly addNameRange     '1.10.1',
268 silly addNameRange     '1.10.2',
268 silly addNameRange     '1.11.0',
268 silly addNameRange     '1.12.0',
268 silly addNameRange     '1.12.1',
268 silly addNameRange     '1.12.2',
268 silly addNameRange     '1.12.3',
268 silly addNameRange     '1.12.4',
268 silly addNameRange     '1.13.0',
268 silly addNameRange     '1.13.1',
268 silly addNameRange     '1.13.2',
268 silly addNameRange     '1.13.3',
268 silly addNameRange     '1.14.0',
268 silly addNameRange     '1.14.1',
268 silly addNameRange     '1.14.2',
268 silly addNameRange     '1.15.0',
268 silly addNameRange     '1.15.1',
268 silly addNameRange     '1.15.2' ] ]
269 silly addNamed body-parser@1.15.2
270 verbose addNamed "1.15.2" is a plain semver version for body-parser
271 http 304 https://registry.npmjs.org/express
272 verbose headers { date: 'Wed, 07 Dec 2016 18:56:14 GMT',
272 verbose headers   via: '1.1 varnish',
272 verbose headers   'cache-control': 'max-age=300',
272 verbose headers   etag: 'W/"58485449-85368"',
272 verbose headers   age: '275',
272 verbose headers   connection: 'keep-alive',
272 verbose headers   'x-served-by': 'cache-lcy1129-LCY',
272 verbose headers   'x-cache': 'HIT',
272 verbose headers   'x-cache-hits': '1',
272 verbose headers   'x-timer': 'S1481136974.187255,VS0,VE0',
272 verbose headers   vary: 'Accept-Encoding' }
273 silly get cb [ 304,
273 silly get   { date: 'Wed, 07 Dec 2016 18:56:14 GMT',
273 silly get     via: '1.1 varnish',
273 silly get     'cache-control': 'max-age=300',
273 silly get     etag: 'W/"58485449-85368"',
273 silly get     age: '275',
273 silly get     connection: 'keep-alive',
273 silly get     'x-served-by': 'cache-lcy1129-LCY',
273 silly get     'x-cache': 'HIT',
273 silly get     'x-cache-hits': '1',
273 silly get     'x-timer': 'S1481136974.187255,VS0,VE0',
273 silly get     vary: 'Accept-Encoding' } ]
274 verbose etag https://registry.npmjs.org/express from cache
275 verbose get saving express to /home/oyama/.npm/registry.npmjs.org/express/.cache.json
276 verbose correctMkdir /home/oyama/.npm correctMkdir not in flight; initializing
277 verbose get https://registry.npmjs.org/express-handlebars not expired, no request
278 silly addNameRange number 2 { name: 'express-handlebars',
278 silly addNameRange   range: '>=3.0.0 <4.0.0',
278 silly addNameRange   hasData: true }
279 silly addNameRange versions [ 'express-handlebars',
279 silly addNameRange   [ '0.0.1',
279 silly addNameRange     '0.0.2',
279 silly addNameRange     '1.0.0-rc-1',
279 silly addNameRange     '1.0.0-rc-2',
279 silly addNameRange     '1.0.0',
279 silly addNameRange     '1.0.1',
279 silly addNameRange     '1.0.2',
279 silly addNameRange     '1.0.3',
279 silly addNameRange     '1.1.0',
279 silly addNameRange     '1.2.0',
279 silly addNameRange     '1.2.1',
279 silly addNameRange     '1.2.2',
279 silly addNameRange     '2.0.0',
279 silly addNameRange     '2.0.1',
279 silly addNameRange     '3.0.0' ] ]
280 silly addNamed express-handlebars@3.0.0
281 verbose addNamed "3.0.0" is a plain semver version for express-handlebars
282 silly cache afterAdd express-myconnection@1.0.4
283 verbose afterAdd /home/oyama/.npm/express-myconnection/1.0.4/package/package.json not in flight; writing
284 verbose correctMkdir /home/oyama/.npm correctMkdir not in flight; initializing
285 silly cache afterAdd body-parser@1.15.2
286 verbose afterAdd /home/oyama/.npm/body-parser/1.15.2/package/package.json not in flight; writing
287 verbose correctMkdir /home/oyama/.npm correctMkdir not in flight; initializing
288 http 304 https://registry.npmjs.org/mocha
289 verbose headers { date: 'Wed, 07 Dec 2016 18:56:14 GMT',
289 verbose headers   via: '1.1 varnish',
289 verbose headers   'cache-control': 'max-age=300',
289 verbose headers   etag: 'W/"5846c086-94009"',
289 verbose headers   age: '74',
289 verbose headers   connection: 'keep-alive',
289 verbose headers   'x-served-by': 'cache-lcy1123-LCY',
289 verbose headers   'x-cache': 'HIT',
289 verbose headers   'x-cache-hits': '1',
289 verbose headers   'x-timer': 'S1481136974.204941,VS0,VE0',
289 verbose headers   vary: 'Accept-Encoding' }
290 silly get cb [ 304,
290 silly get   { date: 'Wed, 07 Dec 2016 18:56:14 GMT',
290 silly get     via: '1.1 varnish',
290 silly get     'cache-control': 'max-age=300',
290 silly get     etag: 'W/"5846c086-94009"',
290 silly get     age: '74',
290 silly get     connection: 'keep-alive',
290 silly get     'x-served-by': 'cache-lcy1123-LCY',
290 silly get     'x-cache': 'HIT',
290 silly get     'x-cache-hits': '1',
290 silly get     'x-timer': 'S1481136974.204941,VS0,VE0',
290 silly get     vary: 'Accept-Encoding' } ]
291 verbose etag https://registry.npmjs.org/mocha from cache
292 verbose get saving mocha to /home/oyama/.npm/registry.npmjs.org/mocha/.cache.json
293 verbose correctMkdir /home/oyama/.npm correctMkdir not in flight; initializing
294 silly resolveWithNewModule geoapi@1.0.0 checking installable status
295 silly cache add args [ 'geoapi@*', null ]
296 verbose cache add spec geoapi@*
297 silly cache add parsed spec Result {
297 silly cache add   raw: 'geoapi@*',
297 silly cache add   scope: null,
297 silly cache add   escapedName: 'geoapi',
297 silly cache add   name: 'geoapi',
297 silly cache add   rawSpec: '*',
297 silly cache add   spec: '*',
297 silly cache add   type: 'range' }
298 silly addNamed geoapi@*
299 verbose addNamed "*" is a valid semver range for geoapi
300 silly addNameRange { name: 'geoapi', range: '*', hasData: false }
301 silly mapToRegistry name geoapi
302 silly mapToRegistry using default registry
303 silly mapToRegistry registry https://registry.npmjs.org/
304 silly mapToRegistry data Result {
304 silly mapToRegistry   raw: 'geoapi',
304 silly mapToRegistry   scope: null,
304 silly mapToRegistry   escapedName: 'geoapi',
304 silly mapToRegistry   name: 'geoapi',
304 silly mapToRegistry   rawSpec: '',
304 silly mapToRegistry   spec: 'latest',
304 silly mapToRegistry   type: 'tag' }
305 silly mapToRegistry uri https://registry.npmjs.org/geoapi
306 verbose addNameRange registry:https://registry.npmjs.org/geoapi not in flight; fetching
307 silly resolveWithNewModule express-session@1.14.2 checking installable status
308 silly cache add args [ 'express-session@*', null ]
309 verbose cache add spec express-session@*
310 silly cache add parsed spec Result {
310 silly cache add   raw: 'express-session@*',
310 silly cache add   scope: null,
310 silly cache add   escapedName: 'express-session',
310 silly cache add   name: 'express-session',
310 silly cache add   rawSpec: '*',
310 silly cache add   spec: '*',
310 silly cache add   type: 'range' }
311 silly addNamed express-session@*
312 verbose addNamed "*" is a valid semver range for express-session
313 silly addNameRange { name: 'express-session', range: '*', hasData: false }
314 silly mapToRegistry name express-session
315 silly mapToRegistry using default registry
316 silly mapToRegistry registry https://registry.npmjs.org/
317 silly mapToRegistry data Result {
317 silly mapToRegistry   raw: 'express-session',
317 silly mapToRegistry   scope: null,
317 silly mapToRegistry   escapedName: 'express-session',
317 silly mapToRegistry   name: 'express-session',
317 silly mapToRegistry   rawSpec: '',
317 silly mapToRegistry   spec: 'latest',
317 silly mapToRegistry   type: 'tag' }
318 silly mapToRegistry uri https://registry.npmjs.org/express-session
319 verbose addNameRange registry:https://registry.npmjs.org/express-session not in flight; fetching
320 silly cache afterAdd express-handlebars@3.0.0
321 verbose afterAdd /home/oyama/.npm/express-handlebars/3.0.0/package/package.json not in flight; writing
322 verbose correctMkdir /home/oyama/.npm correctMkdir not in flight; initializing
323 silly resolveWithNewModule gulp@3.9.1 checking installable status
324 silly cache add args [ 'gulp@*', null ]
325 verbose cache add spec gulp@*
326 silly cache add parsed spec Result {
326 silly cache add   raw: 'gulp@*',
326 silly cache add   scope: null,
326 silly cache add   escapedName: 'gulp',
326 silly cache add   name: 'gulp',
326 silly cache add   rawSpec: '*',
326 silly cache add   spec: '*',
326 silly cache add   type: 'range' }
327 silly addNamed gulp@*
328 verbose addNamed "*" is a valid semver range for gulp
329 silly addNameRange { name: 'gulp', range: '*', hasData: false }
330 silly mapToRegistry name gulp
331 silly mapToRegistry using default registry
332 silly mapToRegistry registry https://registry.npmjs.org/
333 silly mapToRegistry data Result {
333 silly mapToRegistry   raw: 'gulp',
333 silly mapToRegistry   scope: null,
333 silly mapToRegistry   escapedName: 'gulp',
333 silly mapToRegistry   name: 'gulp',
333 silly mapToRegistry   rawSpec: '',
333 silly mapToRegistry   spec: 'latest',
333 silly mapToRegistry   type: 'tag' }
334 silly mapToRegistry uri https://registry.npmjs.org/gulp
335 verbose addNameRange registry:https://registry.npmjs.org/gulp not in flight; fetching
336 http 304 https://registry.npmjs.org/nodemailer
337 verbose headers { date: 'Wed, 07 Dec 2016 18:56:14 GMT',
337 verbose headers   via: '1.1 varnish',
337 verbose headers   'cache-control': 'max-age=300',
337 verbose headers   etag: 'W/"58434960-44a7b"',
337 verbose headers   age: '64',
337 verbose headers   connection: 'keep-alive',
337 verbose headers   'x-served-by': 'cache-lcy1129-LCY',
337 verbose headers   'x-cache': 'HIT',
337 verbose headers   'x-cache-hits': '1',
337 verbose headers   'x-timer': 'S1481136974.217380,VS0,VE0',
337 verbose headers   vary: 'Accept-Encoding' }
338 silly get cb [ 304,
338 silly get   { date: 'Wed, 07 Dec 2016 18:56:14 GMT',
338 silly get     via: '1.1 varnish',
338 silly get     'cache-control': 'max-age=300',
338 silly get     etag: 'W/"58434960-44a7b"',
338 silly get     age: '64',
338 silly get     connection: 'keep-alive',
338 silly get     'x-served-by': 'cache-lcy1129-LCY',
338 silly get     'x-cache': 'HIT',
338 silly get     'x-cache-hits': '1',
338 silly get     'x-timer': 'S1481136974.217380,VS0,VE0',
338 silly get     vary: 'Accept-Encoding' } ]
339 verbose etag https://registry.npmjs.org/nodemailer from cache
340 verbose get saving nodemailer to /home/oyama/.npm/registry.npmjs.org/nodemailer/.cache.json
341 verbose correctMkdir /home/oyama/.npm correctMkdir not in flight; initializing
342 http 304 https://registry.npmjs.org/sms
343 verbose headers { date: 'Wed, 07 Dec 2016 18:56:14 GMT',
343 verbose headers   via: '1.1 varnish',
343 verbose headers   'cache-control': 'max-age=300',
343 verbose headers   etag: 'W/"51e67f93-d1ff"',
343 verbose headers   age: '31',
343 verbose headers   connection: 'keep-alive',
343 verbose headers   'x-served-by': 'cache-lcy1132-LCY',
343 verbose headers   'x-cache': 'HIT',
343 verbose headers   'x-cache-hits': '1',
343 verbose headers   'x-timer': 'S1481136974.224892,VS0,VE0',
343 verbose headers   vary: 'Accept-Encoding' }
344 silly get cb [ 304,
344 silly get   { date: 'Wed, 07 Dec 2016 18:56:14 GMT',
344 silly get     via: '1.1 varnish',
344 silly get     'cache-control': 'max-age=300',
344 silly get     etag: 'W/"51e67f93-d1ff"',
344 silly get     age: '31',
344 silly get     connection: 'keep-alive',
344 silly get     'x-served-by': 'cache-lcy1132-LCY',
344 silly get     'x-cache': 'HIT',
344 silly get     'x-cache-hits': '1',
344 silly get     'x-timer': 'S1481136974.224892,VS0,VE0',
344 silly get     vary: 'Accept-Encoding' } ]
345 verbose etag https://registry.npmjs.org/sms from cache
346 verbose get saving sms to /home/oyama/.npm/registry.npmjs.org/sms/.cache.json
347 verbose correctMkdir /home/oyama/.npm correctMkdir not in flight; initializing
348 verbose get https://registry.npmjs.org/geoapi not expired, no request
349 silly addNameRange number 2 { name: 'geoapi', range: '*', hasData: true }
350 silly addNameRange versions [ 'geoapi', [ '1.0.0' ] ]
351 silly addNamed geoapi@1.0.0
352 verbose addNamed "1.0.0" is a plain semver version for geoapi
353 verbose get https://registry.npmjs.org/express-session not expired, no request
354 silly addNameRange number 2 { name: 'express-session', range: '*', hasData: true }
355 silly addNameRange versions [ 'express-session',
355 silly addNameRange   [ '1.0.0',
355 silly addNameRange     '1.0.1',
355 silly addNameRange     '1.0.2',
355 silly addNameRange     '1.0.3',
355 silly addNameRange     '1.0.4',
355 silly addNameRange     '1.1.0',
355 silly addNameRange     '1.2.0',
355 silly addNameRange     '1.2.1',
355 silly addNameRange     '1.3.0',
355 silly addNameRange     '1.3.1',
355 silly addNameRange     '1.4.0',
355 silly addNameRange     '1.5.0',
355 silly addNameRange     '1.5.1',
355 silly addNameRange     '1.5.2',
355 silly addNameRange     '1.6.0',
355 silly addNameRange     '1.6.1',
355 silly addNameRange     '1.6.2',
355 silly addNameRange     '1.6.3',
355 silly addNameRange     '1.6.4',
355 silly addNameRange     '1.6.5',
355 silly addNameRange     '1.7.0',
355 silly addNameRange     '1.7.1',
355 silly addNameRange     '1.7.2',
355 silly addNameRange     '1.7.3',
355 silly addNameRange     '1.7.4',
355 silly addNameRange     '1.7.5',
355 silly addNameRange     '1.7.6',
355 silly addNameRange     '1.8.0',
355 silly addNameRange     '1.8.1',
355 silly addNameRange     '1.8.2',
355 silly addNameRange     '1.9.0',
355 silly addNameRange     '1.9.1',
355 silly addNameRange     '1.9.2',
355 silly addNameRange     '1.9.3',
355 silly addNameRange     '1.10.0',
355 silly addNameRange     '1.10.1',
355 silly addNameRange     '1.10.2',
355 silly addNameRange     '1.10.3',
355 silly addNameRange     '1.10.4',
355 silly addNameRange     '1.11.0',
355 silly addNameRange     '1.11.1',
355 silly addNameRange     '1.11.2',
355 silly addNameRange     '1.11.3',
355 silly addNameRange     '1.12.0',
355 silly addNameRange     '1.12.1',
355 silly addNameRange     '1.13.0',
355 silly addNameRange     '1.14.0',
355 silly addNameRange     '1.14.1',
355 silly addNameRange     '1.14.2' ] ]
356 silly addNamed express-session@1.14.2
357 verbose addNamed "1.14.2" is a plain semver version for express-session
358 silly resolveWithNewModule express@4.14.0 checking installable status
359 silly cache add args [ 'express@^4.13.4', null ]
360 verbose cache add spec express@^4.13.4
361 silly cache add parsed spec Result {
361 silly cache add   raw: 'express@^4.13.4',
361 silly cache add   scope: null,
361 silly cache add   escapedName: 'express',
361 silly cache add   name: 'express',
361 silly cache add   rawSpec: '^4.13.4',
361 silly cache add   spec: '>=4.13.4 <5.0.0',
361 silly cache add   type: 'range' }
362 silly addNamed express@>=4.13.4 <5.0.0
363 verbose addNamed ">=4.13.4 <5.0.0" is a valid semver range for express
364 silly addNameRange { name: 'express', range: '>=4.13.4 <5.0.0', hasData: false }
365 silly mapToRegistry name express
366 silly mapToRegistry using default registry
367 silly mapToRegistry registry https://registry.npmjs.org/
368 silly mapToRegistry data Result {
368 silly mapToRegistry   raw: 'express',
368 silly mapToRegistry   scope: null,
368 silly mapToRegistry   escapedName: 'express',
368 silly mapToRegistry   name: 'express',
368 silly mapToRegistry   rawSpec: '',
368 silly mapToRegistry   spec: 'latest',
368 silly mapToRegistry   type: 'tag' }
369 silly mapToRegistry uri https://registry.npmjs.org/express
370 verbose addNameRange registry:https://registry.npmjs.org/express not in flight; fetching
371 verbose get https://registry.npmjs.org/gulp not expired, no request
372 silly addNameRange number 2 { name: 'gulp', range: '*', hasData: true }
373 silly addNameRange versions [ 'gulp',
373 silly addNameRange   [ '0.0.1',
373 silly addNameRange     '0.0.2',
373 silly addNameRange     '0.0.3',
373 silly addNameRange     '0.0.4',
373 silly addNameRange     '0.0.5',
373 silly addNameRange     '0.0.7',
373 silly addNameRange     '0.0.8',
373 silly addNameRange     '0.0.9',
373 silly addNameRange     '0.1.0',
373 silly addNameRange     '0.2.0',
373 silly addNameRange     '1.0.0',
373 silly addNameRange     '1.1.0',
373 silly addNameRange     '1.2.0',
373 silly addNameRange     '1.2.1',
373 silly addNameRange     '2.0.0',
373 silly addNameRange     '2.0.1',
373 silly addNameRange     '2.1.0',
373 silly addNameRange     '2.2.0',
373 silly addNameRange     '2.3.0',
373 silly addNameRange     '2.4.0',
373 silly addNameRange     '2.4.1',
373 silly addNameRange     '2.6.0',
373 silly addNameRange     '2.6.1',
373 silly addNameRange     '2.7.0',
373 silly addNameRange     '3.0.0',
373 silly addNameRange     '3.1.1',
373 silly addNameRange     '3.1.2',
373 silly addNameRange     '3.1.3',
373 silly addNameRange     '3.1.4',
373 silly addNameRange     '3.2.0',
373 silly addNameRange     '3.2.1',
373 silly addNameRange     '3.2.2',
373 silly addNameRange     '3.2.3',
373 silly addNameRange     '3.2.4',
373 silly addNameRange     '3.2.5',
373 silly addNameRange     '3.3.0',
373 silly addNameRange     '3.3.1',
373 silly addNameRange     '3.3.2',
373 silly addNameRange     '3.3.4',
373 silly addNameRange     '3.4.0',
373 silly addNameRange     '3.5.0',
373 silly addNameRange     '3.5.1',
373 silly addNameRange     '3.5.2',
373 silly addNameRange     '3.5.5',
373 silly addNameRange     '3.5.6',
373 silly addNameRange     '3.6.0',
373 silly addNameRange     '3.6.1',
373 silly addNameRange     '3.6.2',
373 silly addNameRange     '3.7.0',
373 silly addNameRange     '3.8.0',
373 silly addNameRange     '3.8.1',
373 silly addNameRange     '3.8.2',
373 silly addNameRange     '3.8.3',
373 silly addNameRange     '3.8.4',
373 silly addNameRange     '3.8.5',
373 silly addNameRange     '3.8.6',
373 silly addNameRange     '3.8.7',
373 silly addNameRange     '3.8.8',
373 silly addNameRange     '3.8.9',
373 silly addNameRange     '3.8.10',
373 silly addNameRange     '3.8.11',
373 silly addNameRange     '3.9.0',
373 silly addNameRange     '3.9.1' ] ]
374 silly addNamed gulp@3.9.1
375 verbose addNamed "3.9.1" is a plain semver version for gulp
376 http 304 https://registry.npmjs.org/nodemon
377 verbose headers { date: 'Wed, 07 Dec 2016 18:56:14 GMT',
377 verbose headers   via: '1.1 varnish',
377 verbose headers   'cache-control': 'max-age=300',
377 verbose headers   etag: 'W/"584584b7-30b86"',
377 verbose headers   age: '73',
377 verbose headers   connection: 'keep-alive',
377 verbose headers   'x-served-by': 'cache-lcy1120-LCY',
377 verbose headers   'x-cache': 'HIT',
377 verbose headers   'x-cache-hits': '1',
377 verbose headers   'x-timer': 'S1481136974.246683,VS0,VE0',
377 verbose headers   vary: 'Accept-Encoding' }
378 silly get cb [ 304,
378 silly get   { date: 'Wed, 07 Dec 2016 18:56:14 GMT',
378 silly get     via: '1.1 varnish',
378 silly get     'cache-control': 'max-age=300',
378 silly get     etag: 'W/"584584b7-30b86"',
378 silly get     age: '73',
378 silly get     connection: 'keep-alive',
378 silly get     'x-served-by': 'cache-lcy1120-LCY',
378 silly get     'x-cache': 'HIT',
378 silly get     'x-cache-hits': '1',
378 silly get     'x-timer': 'S1481136974.246683,VS0,VE0',
378 silly get     vary: 'Accept-Encoding' } ]
379 verbose etag https://registry.npmjs.org/nodemon from cache
380 verbose get saving nodemon to /home/oyama/.npm/registry.npmjs.org/nodemon/.cache.json
381 verbose correctMkdir /home/oyama/.npm correctMkdir not in flight; initializing
382 verbose afterAdd /home/oyama/.npm/express-myconnection/1.0.4/package/package.json written
383 verbose afterAdd /home/oyama/.npm/body-parser/1.15.2/package/package.json written
384 http 304 https://registry.npmjs.org/socket-io
385 verbose headers { date: 'Wed, 07 Dec 2016 18:56:14 GMT',
385 verbose headers   via: '1.1 varnish',
385 verbose headers   'cache-control': 'max-age=300',
385 verbose headers   etag: 'W/"57997a3f-51b"',
385 verbose headers   age: '31',
385 verbose headers   connection: 'keep-alive',
385 verbose headers   'x-served-by': 'cache-lcy1141-LCY',
385 verbose headers   'x-cache': 'HIT',
385 verbose headers   'x-cache-hits': '1',
385 verbose headers   'x-timer': 'S1481136974.255013,VS0,VE0',
385 verbose headers   vary: 'Accept-Encoding' }
386 silly get cb [ 304,
386 silly get   { date: 'Wed, 07 Dec 2016 18:56:14 GMT',
386 silly get     via: '1.1 varnish',
386 silly get     'cache-control': 'max-age=300',
386 silly get     etag: 'W/"57997a3f-51b"',
386 silly get     age: '31',
386 silly get     connection: 'keep-alive',
386 silly get     'x-served-by': 'cache-lcy1141-LCY',
386 silly get     'x-cache': 'HIT',
386 silly get     'x-cache-hits': '1',
386 silly get     'x-timer': 'S1481136974.255013,VS0,VE0',
386 silly get     vary: 'Accept-Encoding' } ]
387 verbose etag https://registry.npmjs.org/socket-io from cache
388 verbose get saving socket-io to /home/oyama/.npm/registry.npmjs.org/socket-io/.cache.json
389 verbose correctMkdir /home/oyama/.npm correctMkdir not in flight; initializing
390 http 304 https://registry.npmjs.org/johnny-five
391 verbose headers { date: 'Wed, 07 Dec 2016 18:56:14 GMT',
391 verbose headers   via: '1.1 varnish',
391 verbose headers   'cache-control': 'max-age=300',
391 verbose headers   etag: 'W/"582f20c0-18cf7a"',
391 verbose headers   age: '31',
391 verbose headers   connection: 'keep-alive',
391 verbose headers   'x-served-by': 'cache-lcy1121-LCY',
391 verbose headers   'x-cache': 'HIT',
391 verbose headers   'x-cache-hits': '1',
391 verbose headers   'x-timer': 'S1481136974.254812,VS0,VE0',
391 verbose headers   vary: 'Accept-Encoding' }
392 silly get cb [ 304,
392 silly get   { date: 'Wed, 07 Dec 2016 18:56:14 GMT',
392 silly get     via: '1.1 varnish',
392 silly get     'cache-control': 'max-age=300',
392 silly get     etag: 'W/"582f20c0-18cf7a"',
392 silly get     age: '31',
392 silly get     connection: 'keep-alive',
392 silly get     'x-served-by': 'cache-lcy1121-LCY',
392 silly get     'x-cache': 'HIT',
392 silly get     'x-cache-hits': '1',
392 silly get     'x-timer': 'S1481136974.254812,VS0,VE0',
392 silly get     vary: 'Accept-Encoding' } ]
393 verbose etag https://registry.npmjs.org/johnny-five from cache
394 verbose get saving johnny-five to /home/oyama/.npm/registry.npmjs.org/johnny-five/.cache.json
395 verbose correctMkdir /home/oyama/.npm correctMkdir not in flight; initializing
396 verbose afterAdd /home/oyama/.npm/express-handlebars/3.0.0/package/package.json written
397 verbose get https://registry.npmjs.org/express not expired, no request
398 silly addNameRange number 2 { name: 'express', range: '>=4.13.4 <5.0.0', hasData: true }
399 silly addNameRange versions [ 'express',
399 silly addNameRange   [ '0.14.0',
399 silly addNameRange     '0.14.1',
399 silly addNameRange     '1.0.0',
399 silly addNameRange     '1.0.1',
399 silly addNameRange     '1.0.2',
399 silly addNameRange     '1.0.3',
399 silly addNameRange     '1.0.4',
399 silly addNameRange     '1.0.5',
399 silly addNameRange     '1.0.6',
399 silly addNameRange     '1.0.7',
399 silly addNameRange     '1.0.8',
399 silly addNameRange     '2.0.0',
399 silly addNameRange     '2.1.0',
399 silly addNameRange     '2.1.1',
399 silly addNameRange     '2.2.0',
399 silly addNameRange     '2.2.1',
399 silly addNameRange     '2.2.2',
399 silly addNameRange     '2.3.0',
399 silly addNameRange     '2.3.1',
399 silly addNameRange     '2.3.2',
399 silly addNameRange     '2.3.3',
399 silly addNameRange     '2.3.4',
399 silly addNameRange     '2.3.5',
399 silly addNameRange     '2.3.6',
399 silly addNameRange     '2.3.7',
399 silly addNameRange     '2.3.8',
399 silly addNameRange     '2.3.9',
399 silly addNameRange     '2.3.10',
399 silly addNameRange     '2.3.11',
399 silly addNameRange     '2.3.12',
399 silly addNameRange     '2.4.0',
399 silly addNameRange     '2.4.1',
399 silly addNameRange     '2.4.2',
399 silly addNameRange     '2.4.3',
399 silly addNameRange     '2.4.4',
399 silly addNameRange     '2.4.5',
399 silly addNameRange     '2.4.6',
399 silly addNameRange     '2.4.7',
399 silly addNameRange     '2.5.0',
399 silly addNameRange     '2.5.1',
399 silly addNameRange     '2.5.2',
399 silly addNameRange     '2.5.3',
399 silly addNameRange     '2.5.4',
399 silly addNameRange     '2.5.5',
399 silly addNameRange     '2.5.6',
399 silly addNameRange     '2.5.7',
399 silly addNameRange     '2.5.8',
399 silly addNameRange     '2.5.9',
399 silly addNameRange     '2.5.10',
399 silly addNameRange     '2.5.11',
399 silly addNameRange     '3.0.0',
399 silly addNameRange     '3.0.1',
399 silly addNameRange     '3.0.2',
399 silly addNameRange     '3.0.3',
399 silly addNameRange     '3.0.4',
399 silly addNameRange     '3.0.5',
399 silly addNameRange     '3.0.6',
399 silly addNameRange     '3.1.0',
399 silly addNameRange     '3.1.1',
399 silly addNameRange     '3.1.2',
399 silly addNameRange     '3.2.0',
399 silly addNameRange     '3.2.1',
399 silly addNameRange     '3.2.2',
399 silly addNameRange     '3.2.3',
399 silly addNameRange     '3.2.4',
399 silly addNameRange     '3.2.5',
399 silly addNameRange     '3.2.6',
399 silly addNameRange     '3.3.0',
399 silly addNameRange     '3.3.1',
399 silly addNameRange     '3.3.2',
399 silly addNameRange     '3.3.3',
399 silly addNameRange     '3.3.4',
399 silly addNameRange     '3.3.5',
399 silly addNameRange     '3.3.6',
399 silly addNameRange     '1.0.0-beta',
399 silly addNameRange     '1.0.0-beta2',
399 silly addNameRange     '1.0.0-rc',
399 silly addNameRange     '1.0.0-rc2',
399 silly addNameRange     '1.0.0-rc3',
399 silly addNameRange     '1.0.0-rc4',
399 silly addNameRange     '2.0.0-beta',
399 silly addNameRange     '2.0.0-beta2',
399 silly addNameRange     '2.0.0-beta3',
399 silly addNameRange     '2.0.0-rc',
399 silly addNameRange     '2.0.0-rc2',
399 silly addNameRange     '2.0.0-rc3',
399 silly addNameRange     '3.0.0-alpha1',
399 silly addNameRange     '3.0.0-alpha2',
399 silly addNameRange     '3.0.0-alpha3',
399 silly addNameRange     '3.0.0-alpha4',
399 silly addNameRange     '3.0.0-alpha5',
399 silly addNameRange     '3.0.0-beta1',
399 silly addNameRange     '3.0.0-beta2',
399 silly addNameRange     '3.0.0-beta3',
399 silly addNameRange     '3.0.0-beta4',
399 silly addNameRange     '3.0.0-beta6',
399 silly addNameRange     '3.0.0-beta7',
399 silly addNameRange     '3.0.0-rc1',
399 silly addNameRange     '3.0.0-rc2',
399 silly addNameRange     '3.0.0-rc3',
399 silly addNameRange     ... 144 more items ] ]
400 silly addNamed express@4.14.0
401 verbose addNamed "4.14.0" is a plain semver version for express
402 silly cache afterAdd express-session@1.14.2
403 verbose afterAdd /home/oyama/.npm/express-session/1.14.2/package/package.json not in flight; writing
404 verbose correctMkdir /home/oyama/.npm correctMkdir not in flight; initializing
405 silly cache afterAdd geoapi@1.0.0
406 verbose afterAdd /home/oyama/.npm/geoapi/1.0.0/package/package.json not in flight; writing
407 verbose correctMkdir /home/oyama/.npm correctMkdir not in flight; initializing
408 silly cache afterAdd gulp@3.9.1
409 verbose afterAdd /home/oyama/.npm/gulp/3.9.1/package/package.json not in flight; writing
410 verbose correctMkdir /home/oyama/.npm correctMkdir not in flight; initializing
411 silly resolveWithNewModule mocha@3.2.0 checking installable status
412 silly cache add args [ 'mocha@*', null ]
413 verbose cache add spec mocha@*
414 silly cache add parsed spec Result {
414 silly cache add   raw: 'mocha@*',
414 silly cache add   scope: null,
414 silly cache add   escapedName: 'mocha',
414 silly cache add   name: 'mocha',
414 silly cache add   rawSpec: '*',
414 silly cache add   spec: '*',
414 silly cache add   type: 'range' }
415 silly addNamed mocha@*
416 verbose addNamed "*" is a valid semver range for mocha
417 silly addNameRange { name: 'mocha', range: '*', hasData: false }
418 silly mapToRegistry name mocha
419 silly mapToRegistry using default registry
420 silly mapToRegistry registry https://registry.npmjs.org/
421 silly mapToRegistry data Result {
421 silly mapToRegistry   raw: 'mocha',
421 silly mapToRegistry   scope: null,
421 silly mapToRegistry   escapedName: 'mocha',
421 silly mapToRegistry   name: 'mocha',
421 silly mapToRegistry   rawSpec: '',
421 silly mapToRegistry   spec: 'latest',
421 silly mapToRegistry   type: 'tag' }
422 silly mapToRegistry uri https://registry.npmjs.org/mocha
423 verbose addNameRange registry:https://registry.npmjs.org/mocha not in flight; fetching
424 silly resolveWithNewModule sms@0.0.13 checking installable status
425 silly cache add args [ 'sms@*', null ]
426 verbose cache add spec sms@*
427 silly cache add parsed spec Result {
427 silly cache add   raw: 'sms@*',
427 silly cache add   scope: null,
427 silly cache add   escapedName: 'sms',
427 silly cache add   name: 'sms',
427 silly cache add   rawSpec: '*',
427 silly cache add   spec: '*',
427 silly cache add   type: 'range' }
428 silly addNamed sms@*
429 verbose addNamed "*" is a valid semver range for sms
430 silly addNameRange { name: 'sms', range: '*', hasData: false }
431 silly mapToRegistry name sms
432 silly mapToRegistry using default registry
433 silly mapToRegistry registry https://registry.npmjs.org/
434 silly mapToRegistry data Result {
434 silly mapToRegistry   raw: 'sms',
434 silly mapToRegistry   scope: null,
434 silly mapToRegistry   escapedName: 'sms',
434 silly mapToRegistry   name: 'sms',
434 silly mapToRegistry   rawSpec: '',
434 silly mapToRegistry   spec: 'latest',
434 silly mapToRegistry   type: 'tag' }
435 silly mapToRegistry uri https://registry.npmjs.org/sms
436 verbose addNameRange registry:https://registry.npmjs.org/sms not in flight; fetching
437 silly resolveWithNewModule nodemailer@2.6.4 checking installable status
438 silly cache add args [ 'nodemailer@*', null ]
439 verbose cache add spec nodemailer@*
440 silly cache add parsed spec Result {
440 silly cache add   raw: 'nodemailer@*',
440 silly cache add   scope: null,
440 silly cache add   escapedName: 'nodemailer',
440 silly cache add   name: 'nodemailer',
440 silly cache add   rawSpec: '*',
440 silly cache add   spec: '*',
440 silly cache add   type: 'range' }
441 silly addNamed nodemailer@*
442 verbose addNamed "*" is a valid semver range for nodemailer
443 silly addNameRange { name: 'nodemailer', range: '*', hasData: false }
444 silly mapToRegistry name nodemailer
445 silly mapToRegistry using default registry
446 silly mapToRegistry registry https://registry.npmjs.org/
447 silly mapToRegistry data Result {
447 silly mapToRegistry   raw: 'nodemailer',
447 silly mapToRegistry   scope: null,
447 silly mapToRegistry   escapedName: 'nodemailer',
447 silly mapToRegistry   name: 'nodemailer',
447 silly mapToRegistry   rawSpec: '',
447 silly mapToRegistry   spec: 'latest',
447 silly mapToRegistry   type: 'tag' }
448 silly mapToRegistry uri https://registry.npmjs.org/nodemailer
449 verbose addNameRange registry:https://registry.npmjs.org/nodemailer not in flight; fetching
450 http 404 https://registry.npmjs.org/twillio
451 verbose headers { 'content-type': 'application/json',
451 verbose headers   'cache-control': 'max-age=0',
451 verbose headers   'content-length': '2',
451 verbose headers   'accept-ranges': 'bytes',
451 verbose headers   date: 'Wed, 07 Dec 2016 18:56:14 GMT',
451 verbose headers   via: '1.1 varnish',
451 verbose headers   age: '0',
451 verbose headers   connection: 'keep-alive',
451 verbose headers   'x-served-by': 'cache-lcy1140-LCY',
451 verbose headers   'x-cache': 'MISS',
451 verbose headers   'x-cache-hits': '0',
451 verbose headers   'x-timer': 'S1481136974.057143,VS0,VE340',
451 verbose headers   vary: 'Accept-Encoding' }
452 silly get cb [ 404,
452 silly get   { 'content-type': 'application/json',
452 silly get     'cache-control': 'max-age=0',
452 silly get     'content-length': '2',
452 silly get     'accept-ranges': 'bytes',
452 silly get     date: 'Wed, 07 Dec 2016 18:56:14 GMT',
452 silly get     via: '1.1 varnish',
452 silly get     age: '0',
452 silly get     connection: 'keep-alive',
452 silly get     'x-served-by': 'cache-lcy1140-LCY',
452 silly get     'x-cache': 'MISS',
452 silly get     'x-cache-hits': '0',
452 silly get     'x-timer': 'S1481136974.057143,VS0,VE340',
452 silly get     vary: 'Accept-Encoding' } ]
453 silly fetchPackageMetaData Error: Registry returned 404 for GET on https://registry.npmjs.org/twillio
453 silly fetchPackageMetaData     at makeError (/home/oyama/.nvm/versions/node/v7.2.0/lib/node_modules/npm/node_modules/npm-registry-client/lib/request.js:302:12)
453 silly fetchPackageMetaData     at CachingRegistryClient.<anonymous> (/home/oyama/.nvm/versions/node/v7.2.0/lib/node_modules/npm/node_modules/npm-registry-client/lib/request.js:280:14)
453 silly fetchPackageMetaData     at Request._callback (/home/oyama/.nvm/versions/node/v7.2.0/lib/node_modules/npm/node_modules/npm-registry-client/lib/request.js:210:14)
453 silly fetchPackageMetaData     at Request.self.callback (/home/oyama/.nvm/versions/node/v7.2.0/lib/node_modules/npm/node_modules/request/request.js:187:22)
453 silly fetchPackageMetaData     at emitTwo (events.js:106:13)
453 silly fetchPackageMetaData     at Request.emit (events.js:191:7)
453 silly fetchPackageMetaData     at Request.<anonymous> (/home/oyama/.nvm/versions/node/v7.2.0/lib/node_modules/npm/node_modules/request/request.js:1048:10)
453 silly fetchPackageMetaData     at emitOne (events.js:96:13)
453 silly fetchPackageMetaData     at Request.emit (events.js:188:7)
453 silly fetchPackageMetaData     at IncomingMessage.<anonymous> (/home/oyama/.nvm/versions/node/v7.2.0/lib/node_modules/npm/node_modules/request/request.js:969:12)
453 silly fetchPackageMetaData  error for twillio@* { Error: Registry returned 404 for GET on https://registry.npmjs.org/twillio
453 silly fetchPackageMetaData     at makeError (/home/oyama/.nvm/versions/node/v7.2.0/lib/node_modules/npm/node_modules/npm-registry-client/lib/request.js:302:12)
453 silly fetchPackageMetaData     at CachingRegistryClient.<anonymous> (/home/oyama/.nvm/versions/node/v7.2.0/lib/node_modules/npm/node_modules/npm-registry-client/lib/request.js:280:14)
453 silly fetchPackageMetaData     at Request._callback (/home/oyama/.nvm/versions/node/v7.2.0/lib/node_modules/npm/node_modules/npm-registry-client/lib/request.js:210:14)
453 silly fetchPackageMetaData     at Request.self.callback (/home/oyama/.nvm/versions/node/v7.2.0/lib/node_modules/npm/node_modules/request/request.js:187:22)
453 silly fetchPackageMetaData     at emitTwo (events.js:106:13)
453 silly fetchPackageMetaData     at Request.emit (events.js:191:7)
453 silly fetchPackageMetaData     at Request.<anonymous> (/home/oyama/.nvm/versions/node/v7.2.0/lib/node_modules/npm/node_modules/request/request.js:1048:10)
453 silly fetchPackageMetaData     at emitOne (events.js:96:13)
453 silly fetchPackageMetaData     at Request.emit (events.js:188:7)
453 silly fetchPackageMetaData     at IncomingMessage.<anonymous> (/home/oyama/.nvm/versions/node/v7.2.0/lib/node_modules/npm/node_modules/request/request.js:969:12) pkgid: 'twillio', statusCode: 404, code: 'E404' }
454 silly cache afterAdd express@4.14.0
455 verbose afterAdd /home/oyama/.npm/express/4.14.0/package/package.json not in flight; writing
456 verbose correctMkdir /home/oyama/.npm correctMkdir not in flight; initializing
457 verbose get https://registry.npmjs.org/mocha not expired, no request
458 silly addNameRange number 2 { name: 'mocha', range: '*', hasData: true }
459 silly addNameRange versions [ 'mocha',
459 silly addNameRange   [ '0.0.1-alpha1',
459 silly addNameRange     '0.0.1-alpha2',
459 silly addNameRange     '0.0.1-alpha3',
459 silly addNameRange     '0.0.1-alpha4',
459 silly addNameRange     '0.0.1-alpha5',
459 silly addNameRange     '0.0.1-alpha6',
459 silly addNameRange     '0.0.1',
459 silly addNameRange     '0.0.2',
459 silly addNameRange     '0.0.3',
459 silly addNameRange     '0.0.4',
459 silly addNameRange     '0.0.5',
459 silly addNameRange     '0.0.6',
459 silly addNameRange     '0.0.7',
459 silly addNameRange     '0.0.8',
459 silly addNameRange     '0.1.0',
459 silly addNameRange     '0.2.0',
459 silly addNameRange     '0.3.0',
459 silly addNameRange     '0.3.1',
459 silly addNameRange     '0.3.2',
459 silly addNameRange     '0.3.3',
459 silly addNameRange     '0.3.4',
459 silly addNameRange     '0.3.6',
459 silly addNameRange     '0.4.0',
459 silly addNameRange     '0.5.0',
459 silly addNameRange     '0.6.0',
459 silly addNameRange     '0.7.0',
459 silly addNameRange     '0.7.1',
459 silly addNameRange     '0.8.0',
459 silly addNameRange     '0.8.1',
459 silly addNameRange     '0.9.0',
459 silly addNameRange     '0.10.0',
459 silly addNameRange     '0.10.1',
459 silly addNameRange     '0.10.2',
459 silly addNameRange     '0.11.0',
459 silly addNameRange     '0.12.0',
459 silly addNameRange     '0.12.1',
459 silly addNameRange     '0.13.0',
459 silly addNameRange     '0.14.0',
459 silly addNameRange     '0.14.1',
459 silly addNameRange     '1.0.0',
459 silly addNameRange     '1.0.1',
459 silly addNameRange     '1.0.2',
459 silly addNameRange     '1.0.3',
459 silly addNameRange     '1.1.0',
459 silly addNameRange     '1.2.0',
459 silly addNameRange     '1.2.1',
459 silly addNameRange     '1.2.2',
459 silly addNameRange     '1.3.0',
459 silly addNameRange     '1.3.1',
459 silly addNameRange     '1.3.2',
459 silly addNameRange     '1.4.0',
459 silly addNameRange     '1.4.1',
459 silly addNameRange     '1.4.2',
459 silly addNameRange     '1.4.3',
459 silly addNameRange     '1.5.0',
459 silly addNameRange     '1.6.0',
459 silly addNameRange     '1.7.0',
459 silly addNameRange     '1.7.1',
459 silly addNameRange     '1.7.2',
459 silly addNameRange     '1.7.3',
459 silly addNameRange     '1.7.4',
459 silly addNameRange     '1.8.0',
459 silly addNameRange     '1.8.1',
459 silly addNameRange     '1.8.2',
459 silly addNameRange     '1.9.0',
459 silly addNameRange     '1.10.0',
459 silly addNameRange     '1.11.0',
459 silly addNameRange     '1.12.0',
459 silly addNameRange     '1.12.1',
459 silly addNameRange     '1.13.0',
459 silly addNameRange     '1.14.0',
459 silly addNameRange     '1.15.0',
459 silly addNameRange     '1.15.1',
459 silly addNameRange     '1.16.0',
459 silly addNameRange     '1.16.1',
459 silly addNameRange     '1.16.2',
459 silly addNameRange     '1.17.0',
459 silly addNameRange     '1.17.1',
459 silly addNameRange     '1.18.0',
459 silly addNameRange     '1.18.1',
459 silly addNameRange     '1.18.2',
459 silly addNameRange     '1.19.0',
459 silly addNameRange     '1.20.0',
459 silly addNameRange     '1.20.1',
459 silly addNameRange     '1.21.0',
459 silly addNameRange     '1.21.1',
459 silly addNameRange     '1.21.2',
459 silly addNameRange     '1.21.3',
459 silly addNameRange     '1.21.4',
459 silly addNameRange     '1.21.5',
459 silly addNameRange     '2.0.0',
459 silly addNameRange     '2.0.1',
459 silly addNameRange     '2.1.0',
459 silly addNameRange     '2.2.0',
459 silly addNameRange     '2.2.1',
459 silly addNameRange     '2.2.3',
459 silly addNameRange     '2.2.4',
459 silly addNameRange     '2.2.5',
459 silly addNameRange     '2.3.0',
459 silly addNameRange     '2.3.1',
459 silly addNameRange     ... 22 more items ] ]
460 silly addNamed mocha@3.2.0
461 verbose addNamed "3.2.0" is a plain semver version for mocha
462 silly resolveWithNewModule socket-io@0.0.0 checking installable status
463 silly cache add args [ 'socket-io@*', null ]
464 verbose cache add spec socket-io@*
465 silly cache add parsed spec Result {
465 silly cache add   raw: 'socket-io@*',
465 silly cache add   scope: null,
465 silly cache add   escapedName: 'socket-io',
465 silly cache add   name: 'socket-io',
465 silly cache add   rawSpec: '*',
465 silly cache add   spec: '*',
465 silly cache add   type: 'range' }
466 silly addNamed socket-io@*
467 verbose addNamed "*" is a valid semver range for socket-io
468 silly addNameRange { name: 'socket-io', range: '*', hasData: false }
469 silly mapToRegistry name socket-io
470 silly mapToRegistry using default registry
471 silly mapToRegistry registry https://registry.npmjs.org/
472 silly mapToRegistry data Result {
472 silly mapToRegistry   raw: 'socket-io',
472 silly mapToRegistry   scope: null,
472 silly mapToRegistry   escapedName: 'socket-io',
472 silly mapToRegistry   name: 'socket-io',
472 silly mapToRegistry   rawSpec: '',
472 silly mapToRegistry   spec: 'latest',
472 silly mapToRegistry   type: 'tag' }
473 silly mapToRegistry uri https://registry.npmjs.org/socket-io
474 verbose addNameRange registry:https://registry.npmjs.org/socket-io not in flight; fetching
475 silly resolveWithNewModule nodemon@1.11.0 checking installable status
476 silly cache add args [ 'nodemon@*', null ]
477 verbose cache add spec nodemon@*
478 silly cache add parsed spec Result {
478 silly cache add   raw: 'nodemon@*',
478 silly cache add   scope: null,
478 silly cache add   escapedName: 'nodemon',
478 silly cache add   name: 'nodemon',
478 silly cache add   rawSpec: '*',
478 silly cache add   spec: '*',
478 silly cache add   type: 'range' }
479 silly addNamed nodemon@*
480 verbose addNamed "*" is a valid semver range for nodemon
481 silly addNameRange { name: 'nodemon', range: '*', hasData: false }
482 silly mapToRegistry name nodemon
483 silly mapToRegistry using default registry
484 silly mapToRegistry registry https://registry.npmjs.org/
485 silly mapToRegistry data Result {
485 silly mapToRegistry   raw: 'nodemon',
485 silly mapToRegistry   scope: null,
485 silly mapToRegistry   escapedName: 'nodemon',
485 silly mapToRegistry   name: 'nodemon',
485 silly mapToRegistry   rawSpec: '',
485 silly mapToRegistry   spec: 'latest',
485 silly mapToRegistry   type: 'tag' }
486 silly mapToRegistry uri https://registry.npmjs.org/nodemon
487 verbose addNameRange registry:https://registry.npmjs.org/nodemon not in flight; fetching
488 verbose get https://registry.npmjs.org/sms not expired, no request
489 silly addNameRange number 2 { name: 'sms', range: '*', hasData: true }
490 silly addNameRange versions [ 'sms',
490 silly addNameRange   [ '0.0.1',
490 silly addNameRange     '0.0.2',
490 silly addNameRange     '0.0.3',
490 silly addNameRange     '0.0.4',
490 silly addNameRange     '0.0.5',
490 silly addNameRange     '0.0.6',
490 silly addNameRange     '0.0.7',
490 silly addNameRange     '0.0.8',
490 silly addNameRange     '0.0.9',
490 silly addNameRange     '0.0.10',
490 silly addNameRange     '0.0.11',
490 silly addNameRange     '0.0.12',
490 silly addNameRange     '0.0.13' ] ]
491 silly addNamed sms@0.0.13
492 verbose addNamed "0.0.13" is a plain semver version for sms
493 verbose get https://registry.npmjs.org/nodemailer not expired, no request
494 silly addNameRange number 2 { name: 'nodemailer', range: '*', hasData: true }
495 silly addNameRange versions [ 'nodemailer',
495 silly addNameRange   [ '0.1.1',
495 silly addNameRange     '0.1.2',
495 silly addNameRange     '0.1.3',
495 silly addNameRange     '0.1.4',
495 silly addNameRange     '0.1.5',
495 silly addNameRange     '0.1.6',
495 silly addNameRange     '0.1.7',
495 silly addNameRange     '0.1.8',
495 silly addNameRange     '0.1.9',
495 silly addNameRange     '0.1.10',
495 silly addNameRange     '0.1.11',
495 silly addNameRange     '0.1.12',
495 silly addNameRange     '0.1.13',
495 silly addNameRange     '0.1.14',
495 silly addNameRange     '0.1.15',
495 silly addNameRange     '0.1.16',
495 silly addNameRange     '0.1.17',
495 silly addNameRange     '0.1.18',
495 silly addNameRange     '0.1.19',
495 silly addNameRange     '0.1.20',
495 silly addNameRange     '0.1.21',
495 silly addNameRange     '0.1.22',
495 silly addNameRange     '0.1.23',
495 silly addNameRange     '0.1.24',
495 silly addNameRange     '0.2.0',
495 silly addNameRange     '0.2.1',
495 silly addNameRange     '0.2.2',
495 silly addNameRange     '0.2.3',
495 silly addNameRange     '0.2.4',
495 silly addNameRange     '0.3.0',
495 silly addNameRange     '0.3.1',
495 silly addNameRange     '0.3.2',
495 silly addNameRange     '0.3.3',
495 silly addNameRange     '0.3.4',
495 silly addNameRange     '0.3.5',
495 silly addNameRange     '0.3.6',
495 silly addNameRange     '0.3.7',
495 silly addNameRange     '0.3.8',
495 silly addNameRange     '0.3.9',
495 silly addNameRange     '0.3.10',
495 silly addNameRange     '0.3.11',
495 silly addNameRange     '0.3.12',
495 silly addNameRange     '0.3.13',
495 silly addNameRange     '0.3.14',
495 silly addNameRange     '0.3.15',
495 silly addNameRange     '0.3.16',
495 silly addNameRange     '0.3.17',
495 silly addNameRange     '0.3.18',
495 silly addNameRange     '0.3.19',
495 silly addNameRange     '0.3.20',
495 silly addNameRange     '0.3.21',
495 silly addNameRange     '0.3.22',
495 silly addNameRange     '0.3.23',
495 silly addNameRange     '0.3.24',
495 silly addNameRange     '0.3.25',
495 silly addNameRange     '0.3.26',
495 silly addNameRange     '0.3.27',
495 silly addNameRange     '0.3.28',
495 silly addNameRange     '0.3.29',
495 silly addNameRange     '0.3.30',
495 silly addNameRange     '0.3.31',
495 silly addNameRange     '0.3.32',
495 silly addNameRange     '0.3.33',
495 silly addNameRange     '0.3.34',
495 silly addNameRange     '0.3.35',
495 silly addNameRange     '0.3.37',
495 silly addNameRange     '0.3.38',
495 silly addNameRange     '0.3.39',
495 silly addNameRange     '0.3.40',
495 silly addNameRange     '0.3.41',
495 silly addNameRange     '0.3.42',
495 silly addNameRange     '0.3.43',
495 silly addNameRange     '0.3.44',
495 silly addNameRange     '0.4.0',
495 silly addNameRange     '0.4.1',
495 silly addNameRange     '0.4.2',
495 silly addNameRange     '0.4.3',
495 silly addNameRange     '0.4.4',
495 silly addNameRange     '0.5.0',
495 silly addNameRange     '0.5.1',
495 silly addNameRange     '0.5.2',
495 silly addNameRange     '0.5.3',
495 silly addNameRange     '0.5.4',
495 silly addNameRange     '0.5.5',
495 silly addNameRange     '0.5.6',
495 silly addNameRange     '0.5.7',
495 silly addNameRange     '0.5.8',
495 silly addNameRange     '0.5.9',
495 silly addNameRange     '0.5.10',
495 silly addNameRange     '0.5.11',
495 silly addNameRange     '0.5.12',
495 silly addNameRange     '0.5.13',
495 silly addNameRange     '0.5.14',
495 silly addNameRange     '0.5.15',
495 silly addNameRange     '0.6.0',
495 silly addNameRange     '0.6.1',
495 silly addNameRange     '0.6.2',
495 silly addNameRange     '0.6.3',
495 silly addNameRange     '0.6.4',
495 silly addNameRange     '0.6.5',
495 silly addNameRange     ... 72 more items ] ]
496 silly addNamed nodemailer@2.6.4
497 verbose addNamed "2.6.4" is a plain semver version for nodemailer
498 verbose afterAdd /home/oyama/.npm/express-session/1.14.2/package/package.json written
499 verbose afterAdd /home/oyama/.npm/geoapi/1.0.0/package/package.json written
500 silly resolveWithNewModule johnny-five@0.10.6 checking installable status
501 silly cache add args [ 'johnny-five@*', null ]
502 verbose cache add spec johnny-five@*
503 silly cache add parsed spec Result {
503 silly cache add   raw: 'johnny-five@*',
503 silly cache add   scope: null,
503 silly cache add   escapedName: 'johnny-five',
503 silly cache add   name: 'johnny-five',
503 silly cache add   rawSpec: '*',
503 silly cache add   spec: '*',
503 silly cache add   type: 'range' }
504 silly addNamed johnny-five@*
505 verbose addNamed "*" is a valid semver range for johnny-five
506 silly addNameRange { name: 'johnny-five', range: '*', hasData: false }
507 silly mapToRegistry name johnny-five
508 silly mapToRegistry using default registry
509 silly mapToRegistry registry https://registry.npmjs.org/
510 silly mapToRegistry data Result {
510 silly mapToRegistry   raw: 'johnny-five',
510 silly mapToRegistry   scope: null,
510 silly mapToRegistry   escapedName: 'johnny-five',
510 silly mapToRegistry   name: 'johnny-five',
510 silly mapToRegistry   rawSpec: '',
510 silly mapToRegistry   spec: 'latest',
510 silly mapToRegistry   type: 'tag' }
511 silly mapToRegistry uri https://registry.npmjs.org/johnny-five
512 verbose addNameRange registry:https://registry.npmjs.org/johnny-five not in flight; fetching
513 verbose afterAdd /home/oyama/.npm/gulp/3.9.1/package/package.json written
514 verbose get https://registry.npmjs.org/socket-io not expired, no request
515 silly addNameRange number 2 { name: 'socket-io', range: '*', hasData: true }
516 silly addNameRange versions [ 'socket-io', [ '0.0.0' ] ]
517 silly addNamed socket-io@0.0.0
518 verbose addNamed "0.0.0" is a plain semver version for socket-io
519 verbose get https://registry.npmjs.org/nodemon not expired, no request
520 silly addNameRange number 2 { name: 'nodemon', range: '*', hasData: true }
521 silly addNameRange versions [ 'nodemon',
521 silly addNameRange   [ '0.1.4',
521 silly addNameRange     '0.1.5',
521 silly addNameRange     '0.1.6',
521 silly addNameRange     '0.1.7',
521 silly addNameRange     '0.1.8',
521 silly addNameRange     '0.2.0',
521 silly addNameRange     '0.2.1',
521 silly addNameRange     '0.2.2',
521 silly addNameRange     '0.3.0',
521 silly addNameRange     '0.3.1',
521 silly addNameRange     '0.3.2',
521 silly addNameRange     '0.4.0',
521 silly addNameRange     '0.4.1',
521 silly addNameRange     '0.5.0',
521 silly addNameRange     '0.5.1',
521 silly addNameRange     '0.5.2',
521 silly addNameRange     '0.5.3',
521 silly addNameRange     '0.5.4',
521 silly addNameRange     '0.5.5',
521 silly addNameRange     '0.5.6',
521 silly addNameRange     '0.5.7',
521 silly addNameRange     '0.6.0',
521 silly addNameRange     '0.6.1',
521 silly addNameRange     '0.6.2',
521 silly addNameRange     '0.6.3',
521 silly addNameRange     '0.6.4',
521 silly addNameRange     '0.6.5',
521 silly addNameRange     '0.6.6',
521 silly addNameRange     '0.6.7',
521 silly addNameRange     '0.6.8',
521 silly addNameRange     '0.6.9',
521 silly addNameRange     '0.6.10',
521 silly addNameRange     '0.6.11',
521 silly addNameRange     '0.6.12',
521 silly addNameRange     '0.6.13',
521 silly addNameRange     '0.6.14',
521 silly addNameRange     '0.6.15',
521 silly addNameRange     '0.6.16',
521 silly addNameRange     '0.6.17',
521 silly addNameRange     '0.6.18',
521 silly addNameRange     '0.6.19',
521 silly addNameRange     '0.6.20',
521 silly addNameRange     '0.6.21',
521 silly addNameRange     '0.6.22',
521 silly addNameRange     '0.6.23',
521 silly addNameRange     '0.7.0',
521 silly addNameRange     '0.7.1',
521 silly addNameRange     '0.7.2',
521 silly addNameRange     '0.7.3',
521 silly addNameRange     '0.7.4',
521 silly addNameRange     '0.7.5',
521 silly addNameRange     '0.7.6',
521 silly addNameRange     '0.7.7',
521 silly addNameRange     '0.7.8',
521 silly addNameRange     '0.7.10',
521 silly addNameRange     '0.9.0',
521 silly addNameRange     '0.9.1',
521 silly addNameRange     '0.9.2',
521 silly addNameRange     '0.9.3',
521 silly addNameRange     '0.9.5',
521 silly addNameRange     '0.9.6',
521 silly addNameRange     '0.9.7',
521 silly addNameRange     '0.9.10',
521 silly addNameRange     '0.9.11',
521 silly addNameRange     '0.9.12',
521 silly addNameRange     '0.9.14',
521 silly addNameRange     '0.9.16',
521 silly addNameRange     '0.9.17',
521 silly addNameRange     '1.0.0',
521 silly addNameRange     '1.0.1',
521 silly addNameRange     '1.0.2',
521 silly addNameRange     '1.0.2-rc',
521 silly addNameRange     '0.6.10-a',
521 silly addNameRange     '1.0.2-rc3',
521 silly addNameRange     '1.0.2-rc4',
521 silly addNameRange     '1.0.3',
521 silly addNameRange     '1.0.4',
521 silly addNameRange     '1.0.5',
521 silly addNameRange     '1.0.6',
521 silly addNameRange     '1.0.7',
521 silly addNameRange     '1.0.8',
521 silly addNameRange     '1.0.9',
521 silly addNameRange     '1.0.10',
521 silly addNameRange     '1.0.11',
521 silly addNameRange     '1.0.12',
521 silly addNameRange     '1.0.13',
521 silly addNameRange     '1.0.14',
521 silly addNameRange     '1.0.15',
521 silly addNameRange     '1.0.16',
521 silly addNameRange     '1.0.17-rc1',
521 silly addNameRange     '1.0.17-rc2',
521 silly addNameRange     '1.0.17',
521 silly addNameRange     '1.0.18',
521 silly addNameRange     '1.0.19',
521 silly addNameRange     '1.0.20',
521 silly addNameRange     '1.1.0-alpha',
521 silly addNameRange     '1.1.0',
521 silly addNameRange     '1.1.1',
521 silly addNameRange     '1.2.0',
521 silly addNameRange     '1.2.1',
521 silly addNameRange     ... 40 more items ] ]
522 silly addNamed nodemon@1.11.0
523 verbose addNamed "1.11.0" is a plain semver version for nodemon
524 verbose afterAdd /home/oyama/.npm/express/4.14.0/package/package.json written
525 silly cache afterAdd nodemailer@2.6.4
526 verbose afterAdd /home/oyama/.npm/nodemailer/2.6.4/package/package.json not in flight; writing
527 verbose correctMkdir /home/oyama/.npm correctMkdir not in flight; initializing
528 verbose get https://registry.npmjs.org/johnny-five not expired, no request
529 silly addNameRange number 2 { name: 'johnny-five', range: '*', hasData: true }
530 silly addNameRange versions [ 'johnny-five',
530 silly addNameRange   [ '0.1.5',
530 silly addNameRange     '0.1.6',
530 silly addNameRange     '0.1.7',
530 silly addNameRange     '0.1.901',
530 silly addNameRange     '0.1.911',
530 silly addNameRange     '0.1.950',
530 silly addNameRange     '0.2.0',
530 silly addNameRange     '0.2.1',
530 silly addNameRange     '0.2.2',
530 silly addNameRange     '0.2.3',
530 silly addNameRange     '0.2.4',
530 silly addNameRange     '0.3.0',
530 silly addNameRange     '0.5.0',
530 silly addNameRange     '0.5.2',
530 silly addNameRange     '0.5.5',
530 silly addNameRange     '0.5.91',
530 silly addNameRange     '0.5.95',
530 silly addNameRange     '0.5.97',
530 silly addNameRange     '0.5.10',
530 silly addNameRange     '0.5.11',
530 silly addNameRange     '0.5.14',
530 silly addNameRange     '0.5.15',
530 silly addNameRange     '0.5.16',
530 silly addNameRange     '0.5.17',
530 silly addNameRange     '0.6.0',
530 silly addNameRange     '0.6.1',
530 silly addNameRange     '0.6.2',
530 silly addNameRange     '0.6.3',
530 silly addNameRange     '0.6.5',
530 silly addNameRange     '0.6.6',
530 silly addNameRange     '0.6.8',
530 silly addNameRange     '0.6.9',
530 silly addNameRange     '0.6.11',
530 silly addNameRange     '0.6.13',
530 silly addNameRange     '0.6.14',
530 silly addNameRange     '0.6.15',
530 silly addNameRange     '0.6.16',
530 silly addNameRange     '0.6.17',
530 silly addNameRange     '0.6.18',
530 silly addNameRange     '0.6.19',
530 silly addNameRange     '0.6.20',
530 silly addNameRange     '0.7.0',
530 silly addNameRange     '0.7.1',
530 silly addNameRange     '0.7.2',
530 silly addNameRange     '0.7.3',
530 silly addNameRange     '0.7.4',
530 silly addNameRange     '0.7.5',
530 silly addNameRange     '0.7.6',
530 silly addNameRange     '0.7.8',
530 silly addNameRange     '0.7.10',
530 silly addNameRange     '0.7.11',
530 silly addNameRange     '0.7.13',
530 silly addNameRange     '0.7.15',
530 silly addNameRange     '0.7.16',
530 silly addNameRange     '0.7.17',
530 silly addNameRange     '0.7.18',
530 silly addNameRange     '0.7.19',
530 silly addNameRange     '0.7.20',
530 silly addNameRange     '0.7.21',
530 silly addNameRange     '0.7.22',
530 silly addNameRange     '0.7.23',
530 silly addNameRange     '0.7.24',
530 silly addNameRange     '0.7.26',
530 silly addNameRange     '0.7.27',
530 silly addNameRange     '0.7.28',
530 silly addNameRange     '0.7.29',
530 silly addNameRange     '0.7.30',
530 silly addNameRange     '0.7.31',
530 silly addNameRange     '0.7.32',
530 silly addNameRange     '0.7.33',
530 silly addNameRange     '0.7.34',
530 silly addNameRange     '0.7.35',
530 silly addNameRange     '0.7.36',
530 silly addNameRange     '0.7.37',
530 silly addNameRange     '0.7.38',
530 silly addNameRange     '0.7.39',
530 silly addNameRange     '0.7.40',
530 silly addNameRange     '0.7.41',
530 silly addNameRange     '0.7.42',
530 silly addNameRange     '0.7.43',
530 silly addNameRange     '0.7.44',
530 silly addNameRange     '0.7.45',
530 silly addNameRange     '0.7.46',
530 silly addNameRange     '0.7.47',
530 silly addNameRange     '0.7.48',
530 silly addNameRange     '0.7.49',
530 silly addNameRange     '0.7.50',
530 silly addNameRange     '0.7.51',
530 silly addNameRange     '0.7.52',
530 silly addNameRange     '0.7.54',
530 silly addNameRange     '0.7.55',
530 silly addNameRange     '0.7.56',
530 silly addNameRange     '0.8.0',
530 silly addNameRange     '0.8.1',
530 silly addNameRange     '0.8.2',
530 silly addNameRange     '0.8.3',
530 silly addNameRange     '0.8.4',
530 silly addNameRange     '0.8.5',
530 silly addNameRange     '0.8.6',
530 silly addNameRange     '0.8.7',
530 silly addNameRange     ... 167 more items ] ]
531 silly addNamed johnny-five@0.10.6
532 verbose addNamed "0.10.6" is a plain semver version for johnny-five
533 silly cache afterAdd mocha@3.2.0
534 verbose afterAdd /home/oyama/.npm/mocha/3.2.0/package/package.json not in flight; writing
535 verbose correctMkdir /home/oyama/.npm correctMkdir not in flight; initializing
536 silly cache afterAdd sms@0.0.13
537 verbose afterAdd /home/oyama/.npm/sms/0.0.13/package/package.json not in flight; writing
538 verbose correctMkdir /home/oyama/.npm correctMkdir not in flight; initializing
539 silly cache afterAdd socket-io@0.0.0
540 verbose afterAdd /home/oyama/.npm/socket-io/0.0.0/package/package.json not in flight; writing
541 verbose correctMkdir /home/oyama/.npm correctMkdir not in flight; initializing
542 silly cache afterAdd nodemon@1.11.0
543 verbose afterAdd /home/oyama/.npm/nodemon/1.11.0/package/package.json not in flight; writing
544 verbose correctMkdir /home/oyama/.npm correctMkdir not in flight; initializing
545 silly cache afterAdd johnny-five@0.10.6
546 verbose afterAdd /home/oyama/.npm/johnny-five/0.10.6/package/package.json not in flight; writing
547 verbose correctMkdir /home/oyama/.npm correctMkdir not in flight; initializing
548 verbose afterAdd /home/oyama/.npm/nodemailer/2.6.4/package/package.json written
549 verbose afterAdd /home/oyama/.npm/mocha/3.2.0/package/package.json written
550 verbose afterAdd /home/oyama/.npm/sms/0.0.13/package/package.json written
551 verbose afterAdd /home/oyama/.npm/socket-io/0.0.0/package/package.json written
552 verbose afterAdd /home/oyama/.npm/nodemon/1.11.0/package/package.json written
553 verbose afterAdd /home/oyama/.npm/johnny-five/0.10.6/package/package.json written
554 silly rollbackFailedOptional Starting
555 silly rollbackFailedOptional Finishing
556 silly runTopLevelLifecycles Finishing
557 silly install printInstalled
558 verbose stack Error: Registry returned 404 for GET on https://registry.npmjs.org/twillio
558 verbose stack     at makeError (/home/oyama/.nvm/versions/node/v7.2.0/lib/node_modules/npm/node_modules/npm-registry-client/lib/request.js:302:12)
558 verbose stack     at CachingRegistryClient.<anonymous> (/home/oyama/.nvm/versions/node/v7.2.0/lib/node_modules/npm/node_modules/npm-registry-client/lib/request.js:280:14)
558 verbose stack     at Request._callback (/home/oyama/.nvm/versions/node/v7.2.0/lib/node_modules/npm/node_modules/npm-registry-client/lib/request.js:210:14)
558 verbose stack     at Request.self.callback (/home/oyama/.nvm/versions/node/v7.2.0/lib/node_modules/npm/node_modules/request/request.js:187:22)
558 verbose stack     at emitTwo (events.js:106:13)
558 verbose stack     at Request.emit (events.js:191:7)
558 verbose stack     at Request.<anonymous> (/home/oyama/.nvm/versions/node/v7.2.0/lib/node_modules/npm/node_modules/request/request.js:1048:10)
558 verbose stack     at emitOne (events.js:96:13)
558 verbose stack     at Request.emit (events.js:188:7)
558 verbose stack     at IncomingMessage.<anonymous> (/home/oyama/.nvm/versions/node/v7.2.0/lib/node_modules/npm/node_modules/request/request.js:969:12)
559 verbose statusCode 404
560 verbose pkgid twillio
561 verbose cwd /home/oyama/projects/Arduino_OySplay_Ground
562 error Linux 4.4.0-53-generic
563 error argv "/home/oyama/.nvm/versions/node/v7.2.0/bin/node" "/home/oyama/.nvm/versions/node/v7.2.0/bin/npm" "install"
564 error node v7.2.0
565 error npm  v3.10.9
566 error code E404
567 error 404 Registry returned 404 for GET on https://registry.npmjs.org/twillio
568 error 404
569 error 404 'twillio' is not in the npm registry.
570 error 404 You should bug the author to publish it (or use the name yourself!)
571 error 404 It was specified as a dependency of 'projects'
572 error 404 Note that you can also install from a
573 error 404 tarball, folder, http url, or git url.
574 verbose exit [ 1, true ]
